C:\USERS\CHRISTOPHER\DOCUMENTS\VISUAL STUDIO 2012\PROJECTS\CPLUSPLUS_REVIEWLAB\CPLUSPLUS_REVIEWLAB\DEBUG\SOURCE.OBJ
C:\USERS\CHRISTOPHER\DOCUMENTS\VISUAL STUDIO 2012\PROJECTS\CPLUSPLUS_REVIEWLAB\CPLUSPLUS_REVIEWLAB\DEBUG\VC110.PDB
C:\USERS\CHRISTOPHER\DOCUMENTS\VISUAL STUDIO 2012\PROJECTS\CPLUSPLUS_REVIEWLAB\CPLUSPLUS_REVIEWLAB\DEBUG\QUESTIONONEONE.OBJ
C:\USERS\CHRISTOPHER\DOCUMENTS\VISUAL STUDIO 2012\PROJECTS\CPLUSPLUS_REVIEWLAB\CPLUSPLUS_REVIEWLAB\DEBUG\QUESTIONONETWO.OBJ
C:\USERS\CHRISTOPHER\DOCUMENTS\VISUAL STUDIO 2012\PROJECTS\CPLUSPLUS_REVIEWLAB\CPLUSPLUS_REVIEWLAB\DEBUG\QUESTIONONETHREE.OBJ
C:\USERS\CHRISTOPHER\DOCUMENTS\VISUAL STUDIO 2012\PROJECTS\CPLUSPLUS_REVIEWLAB\CPLUSPLUS_REVIEWLAB\DEBUG\QUESTIONTWO.OBJ
C:\USERS\CHRISTOPHER\DOCUMENTS\VISUAL STUDIO 2012\PROJECTS\CPLUSPLUS_REVIEWLAB\DEBUG\CPLUSPLUS_REVIEWLAB.ILK
C:\USERS\CHRISTOPHER\DOCUMENTS\VISUAL STUDIO 2012\PROJECTS\CPLUSPLUS_REVIEWLAB\DEBUG\CPLUSPLUS_REVIEWLAB.EXE
C:\USERS\CHRISTOPHER\DOCUMENTS\VISUAL STUDIO 2012\PROJECTS\CPLUSPLUS_REVIEWLAB\DEBUG\CPLUSPLUS_REVIEWLAB.PDB
C:\Users\Christopher\Documents\Visual Studio 2012\Projects\CPlusPlus_ReviewLab\CPlusPlus_ReviewLab\Debug\QuestionOneOne.obj
C:\Users\Christopher\Documents\Visual Studio 2012\Projects\CPlusPlus_ReviewLab\CPlusPlus_ReviewLab\Debug\QuestionOneThree.obj
C:\Users\Christopher\Documents\Visual Studio 2012\Projects\CPlusPlus_ReviewLab\CPlusPlus_ReviewLab\Debug\QuestionOneTwo.obj
C:\Users\Christopher\Documents\Visual Studio 2012\Projects\CPlusPlus_ReviewLab\CPlusPlus_ReviewLab\Debug\QuestionTwo.obj
C:\Users\Christopher\Documents\Visual Studio 2012\Projects\CPlusPlus_ReviewLab\CPlusPlus_ReviewLab\Debug\Source.obj
C:\Users\Christopher\Documents\Visual Studio 2012\Projects\CPlusPlus_ReviewLab\CPlusPlus_ReviewLab\Debug\cl.command.1.tlog
C:\Users\Christopher\Documents\Visual Studio 2012\Projects\CPlusPlus_ReviewLab\CPlusPlus_ReviewLab\Debug\CL.read.1.tlog
C:\Users\Christopher\Documents\Visual Studio 2012\Projects\CPlusPlus_ReviewLab\CPlusPlus_ReviewLab\Debug\CL.write.1.tlog
C:\Users\Christopher\Documents\Visual Studio 2012\Projects\CPlusPlus_ReviewLab\CPlusPlus_ReviewLab\Debug\link-cvtres.read.1.tlog
C:\Users\Christopher\Documents\Visual Studio 2012\Projects\CPlusPlus_ReviewLab\CPlusPlus_ReviewLab\Debug\link-cvtres.write.1.tlog
C:\Users\Christopher\Documents\Visual Studio 2012\Projects\CPlusPlus_ReviewLab\CPlusPlus_ReviewLab\Debug\link-rc.read.1.tlog
C:\Users\Christopher\Documents\Visual Studio 2012\Projects\CPlusPlus_ReviewLab\CPlusPlus_ReviewLab\Debug\link-rc.write.1.tlog
C:\Users\Christopher\Documents\Visual Studio 2012\Projects\CPlusPlus_ReviewLab\CPlusPlus_ReviewLab\Debug\link.10956-cvtres.read.1.tlog
C:\Users\Christopher\Documents\Visual Studio 2012\Projects\CPlusPlus_ReviewLab\CPlusPlus_ReviewLab\Debug\link.10956-cvtres.write.1.tlog
C:\Users\Christopher\Documents\Visual Studio 2012\Projects\CPlusPlus_ReviewLab\CPlusPlus_ReviewLab\Debug\link.10956-rc.read.1.tlog
C:\Users\Christopher\Documents\Visual Studio 2012\Projects\CPlusPlus_ReviewLab\CPlusPlus_ReviewLab\Debug\link.10956-rc.write.1.tlog
C:\Users\Christopher\Documents\Visual Studio 2012\Projects\CPlusPlus_ReviewLab\CPlusPlus_ReviewLab\Debug\link.10956.read.1.tlog
C:\Users\Christopher\Documents\Visual Studio 2012\Projects\CPlusPlus_ReviewLab\CPlusPlus_ReviewLab\Debug\link.10956.write.1.tlog
C:\Users\Christopher\Documents\Visual Studio 2012\Projects\CPlusPlus_ReviewLab\CPlusPlus_ReviewLab\Debug\link.11140-cvtres.read.1.tlog
C:\Users\Christopher\Documents\Visual Studio 2012\Projects\CPlusPlus_ReviewLab\CPlusPlus_ReviewLab\Debug\link.11140-cvtres.write.1.tlog
C:\Users\Christopher\Documents\Visual Studio 2012\Projects\CPlusPlus_ReviewLab\CPlusPlus_ReviewLab\Debug\link.11140-rc.read.1.tlog
C:\Users\Christopher\Documents\Visual Studio 2012\Projects\CPlusPlus_ReviewLab\CPlusPlus_ReviewLab\Debug\link.11140-rc.write.1.tlog
C:\Users\Christopher\Documents\Visual Studio 2012\Projects\CPlusPlus_ReviewLab\CPlusPlus_ReviewLab\Debug\link.11140.read.1.tlog
C:\Users\Christopher\Documents\Visual Studio 2012\Projects\CPlusPlus_ReviewLab\CPlusPlus_ReviewLab\Debug\link.11140.write.1.tlog
C:\Users\Christopher\Documents\Visual Studio 2012\Projects\CPlusPlus_ReviewLab\CPlusPlus_ReviewLab\Debug\link.13076-cvtres.read.1.tlog
C:\Users\Christopher\Documents\Visual Studio 2012\Projects\CPlusPlus_ReviewLab\CPlusPlus_ReviewLab\Debug\link.13076-cvtres.write.1.tlog
C:\Users\Christopher\Documents\Visual Studio 2012\Projects\CPlusPlus_ReviewLab\CPlusPlus_ReviewLab\Debug\link.13076-rc.read.1.tlog
C:\Users\Christopher\Documents\Visual Studio 2012\Projects\CPlusPlus_ReviewLab\CPlusPlus_ReviewLab\Debug\link.13076-rc.write.1.tlog
C:\Users\Christopher\Documents\Visual Studio 2012\Projects\CPlusPlus_ReviewLab\CPlusPlus_ReviewLab\Debug\link.13076.read.1.tlog
C:\Users\Christopher\Documents\Visual Studio 2012\Projects\CPlusPlus_ReviewLab\CPlusPlus_ReviewLab\Debug\link.13076.write.1.tlog
C:\Users\Christopher\Documents\Visual Studio 2012\Projects\CPlusPlus_ReviewLab\CPlusPlus_ReviewLab\Debug\link.13176-cvtres.read.1.tlog
C:\Users\Christopher\Documents\Visual Studio 2012\Projects\CPlusPlus_ReviewLab\CPlusPlus_ReviewLab\Debug\link.13176-cvtres.write.1.tlog
C:\Users\Christopher\Documents\Visual Studio 2012\Projects\CPlusPlus_ReviewLab\CPlusPlus_ReviewLab\Debug\link.13176-rc.read.1.tlog
C:\Users\Christopher\Documents\Visual Studio 2012\Projects\CPlusPlus_ReviewLab\CPlusPlus_ReviewLab\Debug\link.13176-rc.write.1.tlog
C:\Users\Christopher\Documents\Visual Studio 2012\Projects\CPlusPlus_ReviewLab\CPlusPlus_ReviewLab\Debug\link.13176.read.1.tlog
C:\Users\Christopher\Documents\Visual Studio 2012\Projects\CPlusPlus_ReviewLab\CPlusPlus_ReviewLab\Debug\link.13176.write.1.tlog
C:\Users\Christopher\Documents\Visual Studio 2012\Projects\CPlusPlus_ReviewLab\CPlusPlus_ReviewLab\Debug\link.13292-cvtres.read.1.tlog
C:\Users\Christopher\Documents\Visual Studio 2012\Projects\CPlusPlus_ReviewLab\CPlusPlus_ReviewLab\Debug\link.13292-cvtres.write.1.tlog
C:\Users\Christopher\Documents\Visual Studio 2012\Projects\CPlusPlus_ReviewLab\CPlusPlus_ReviewLab\Debug\link.13292-rc.read.1.tlog
C:\Users\Christopher\Documents\Visual Studio 2012\Projects\CPlusPlus_ReviewLab\CPlusPlus_ReviewLab\Debug\link.13292-rc.write.1.tlog
C:\Users\Christopher\Documents\Visual Studio 2012\Projects\CPlusPlus_ReviewLab\CPlusPlus_ReviewLab\Debug\link.13292.read.1.tlog
C:\Users\Christopher\Documents\Visual Studio 2012\Projects\CPlusPlus_ReviewLab\CPlusPlus_ReviewLab\Debug\link.13292.write.1.tlog
C:\Users\Christopher\Documents\Visual Studio 2012\Projects\CPlusPlus_ReviewLab\CPlusPlus_ReviewLab\Debug\link.13344-cvtres.read.1.tlog
C:\Users\Christopher\Documents\Visual Studio 2012\Projects\CPlusPlus_ReviewLab\CPlusPlus_ReviewLab\Debug\link.13344-cvtres.write.1.tlog
C:\Users\Christopher\Documents\Visual Studio 2012\Projects\CPlusPlus_ReviewLab\CPlusPlus_ReviewLab\Debug\link.13344-rc.read.1.tlog
C:\Users\Christopher\Documents\Visual Studio 2012\Projects\CPlusPlus_ReviewLab\CPlusPlus_ReviewLab\Debug\link.13344-rc.write.1.tlog
C:\Users\Christopher\Documents\Visual Studio 2012\Projects\CPlusPlus_ReviewLab\CPlusPlus_ReviewLab\Debug\link.13344.read.1.tlog
C:\Users\Christopher\Documents\Visual Studio 2012\Projects\CPlusPlus_ReviewLab\CPlusPlus_ReviewLab\Debug\link.13344.write.1.tlog
C:\Users\Christopher\Documents\Visual Studio 2012\Projects\CPlusPlus_ReviewLab\CPlusPlus_ReviewLab\Debug\link.13364-cvtres.read.1.tlog
C:\Users\Christopher\Documents\Visual Studio 2012\Projects\CPlusPlus_ReviewLab\CPlusPlus_ReviewLab\Debug\link.13364-cvtres.write.1.tlog
C:\Users\Christopher\Documents\Visual Studio 2012\Projects\CPlusPlus_ReviewLab\CPlusPlus_ReviewLab\Debug\link.13364-rc.read.1.tlog
C:\Users\Christopher\Documents\Visual Studio 2012\Projects\CPlusPlus_ReviewLab\CPlusPlus_ReviewLab\Debug\link.13364-rc.write.1.tlog
C:\Users\Christopher\Documents\Visual Studio 2012\Projects\CPlusPlus_ReviewLab\CPlusPlus_ReviewLab\Debug\link.13364.read.1.tlog
C:\Users\Christopher\Documents\Visual Studio 2012\Projects\CPlusPlus_ReviewLab\CPlusPlus_ReviewLab\Debug\link.13364.write.1.tlog
C:\Users\Christopher\Documents\Visual Studio 2012\Projects\CPlusPlus_ReviewLab\CPlusPlus_ReviewLab\Debug\link.13560-cvtres.read.1.tlog
C:\Users\Christopher\Documents\Visual Studio 2012\Projects\CPlusPlus_ReviewLab\CPlusPlus_ReviewLab\Debug\link.13560-cvtres.write.1.tlog
C:\Users\Christopher\Documents\Visual Studio 2012\Projects\CPlusPlus_ReviewLab\CPlusPlus_ReviewLab\Debug\link.13560-rc.read.1.tlog
C:\Users\Christopher\Documents\Visual Studio 2012\Projects\CPlusPlus_ReviewLab\CPlusPlus_ReviewLab\Debug\link.13560-rc.write.1.tlog
C:\Users\Christopher\Documents\Visual Studio 2012\Projects\CPlusPlus_ReviewLab\CPlusPlus_ReviewLab\Debug\link.13560.read.1.tlog
C:\Users\Christopher\Documents\Visual Studio 2012\Projects\CPlusPlus_ReviewLab\CPlusPlus_ReviewLab\Debug\link.13560.write.1.tlog
C:\Users\Christopher\Documents\Visual Studio 2012\Projects\CPlusPlus_ReviewLab\CPlusPlus_ReviewLab\Debug\link.14376-cvtres.read.1.tlog
C:\Users\Christopher\Documents\Visual Studio 2012\Projects\CPlusPlus_ReviewLab\CPlusPlus_ReviewLab\Debug\link.14376-cvtres.write.1.tlog
C:\Users\Christopher\Documents\Visual Studio 2012\Projects\CPlusPlus_ReviewLab\CPlusPlus_ReviewLab\Debug\link.14376-rc.read.1.tlog
C:\Users\Christopher\Documents\Visual Studio 2012\Projects\CPlusPlus_ReviewLab\CPlusPlus_ReviewLab\Debug\link.14376-rc.write.1.tlog
C:\Users\Christopher\Documents\Visual Studio 2012\Projects\CPlusPlus_ReviewLab\CPlusPlus_ReviewLab\Debug\link.14376.read.1.tlog
C:\Users\Christopher\Documents\Visual Studio 2012\Projects\CPlusPlus_ReviewLab\CPlusPlus_ReviewLab\Debug\link.14376.write.1.tlog
C:\Users\Christopher\Documents\Visual Studio 2012\Projects\CPlusPlus_ReviewLab\CPlusPlus_ReviewLab\Debug\link.14436-cvtres.read.1.tlog
C:\Users\Christopher\Documents\Visual Studio 2012\Projects\CPlusPlus_ReviewLab\CPlusPlus_ReviewLab\Debug\link.14436-cvtres.write.1.tlog
C:\Users\Christopher\Documents\Visual Studio 2012\Projects\CPlusPlus_ReviewLab\CPlusPlus_ReviewLab\Debug\link.14436-rc.read.1.tlog
C:\Users\Christopher\Documents\Visual Studio 2012\Projects\CPlusPlus_ReviewLab\CPlusPlus_ReviewLab\Debug\link.14436-rc.write.1.tlog
C:\Users\Christopher\Documents\Visual Studio 2012\Projects\CPlusPlus_ReviewLab\CPlusPlus_ReviewLab\Debug\link.14436.read.1.tlog
C:\Users\Christopher\Documents\Visual Studio 2012\Projects\CPlusPlus_ReviewLab\CPlusPlus_ReviewLab\Debug\link.14436.write.1.tlog
C:\Users\Christopher\Documents\Visual Studio 2012\Projects\CPlusPlus_ReviewLab\CPlusPlus_ReviewLab\Debug\link.14524-cvtres.read.1.tlog
C:\Users\Christopher\Documents\Visual Studio 2012\Projects\CPlusPlus_ReviewLab\CPlusPlus_ReviewLab\Debug\link.14524-cvtres.write.1.tlog
C:\Users\Christopher\Documents\Visual Studio 2012\Projects\CPlusPlus_ReviewLab\CPlusPlus_ReviewLab\Debug\link.14524-rc.read.1.tlog
C:\Users\Christopher\Documents\Visual Studio 2012\Projects\CPlusPlus_ReviewLab\CPlusPlus_ReviewLab\Debug\link.14524-rc.write.1.tlog
C:\Users\Christopher\Documents\Visual Studio 2012\Projects\CPlusPlus_ReviewLab\CPlusPlus_ReviewLab\Debug\link.14524.read.1.tlog
C:\Users\Christopher\Documents\Visual Studio 2012\Projects\CPlusPlus_ReviewLab\CPlusPlus_ReviewLab\Debug\link.14524.write.1.tlog
C:\Users\Christopher\Documents\Visual Studio 2012\Projects\CPlusPlus_ReviewLab\CPlusPlus_ReviewLab\Debug\link.15220-cvtres.read.1.tlog
C:\Users\Christopher\Documents\Visual Studio 2012\Projects\CPlusPlus_ReviewLab\CPlusPlus_ReviewLab\Debug\link.15220-cvtres.write.1.tlog
C:\Users\Christopher\Documents\Visual Studio 2012\Projects\CPlusPlus_ReviewLab\CPlusPlus_ReviewLab\Debug\link.15220-rc.read.1.tlog
C:\Users\Christopher\Documents\Visual Studio 2012\Projects\CPlusPlus_ReviewLab\CPlusPlus_ReviewLab\Debug\link.15220-rc.write.1.tlog
C:\Users\Christopher\Documents\Visual Studio 2012\Projects\CPlusPlus_ReviewLab\CPlusPlus_ReviewLab\Debug\link.15220.read.1.tlog
C:\Users\Christopher\Documents\Visual Studio 2012\Projects\CPlusPlus_ReviewLab\CPlusPlus_ReviewLab\Debug\link.15220.write.1.tlog
C:\Users\Christopher\Documents\Visual Studio 2012\Projects\CPlusPlus_ReviewLab\CPlusPlus_ReviewLab\Debug\link.5752-cvtres.read.1.tlog
C:\Users\Christopher\Documents\Visual Studio 2012\Projects\CPlusPlus_ReviewLab\CPlusPlus_ReviewLab\Debug\link.5752-cvtres.write.1.tlog
C:\Users\Christopher\Documents\Visual Studio 2012\Projects\CPlusPlus_ReviewLab\CPlusPlus_ReviewLab\Debug\link.5752-rc.read.1.tlog
C:\Users\Christopher\Documents\Visual Studio 2012\Projects\CPlusPlus_ReviewLab\CPlusPlus_ReviewLab\Debug\link.5752-rc.write.1.tlog
C:\Users\Christopher\Documents\Visual Studio 2012\Projects\CPlusPlus_ReviewLab\CPlusPlus_ReviewLab\Debug\link.5752.read.1.tlog
C:\Users\Christopher\Documents\Visual Studio 2012\Projects\CPlusPlus_ReviewLab\CPlusPlus_ReviewLab\Debug\link.5752.write.1.tlog
C:\Users\Christopher\Documents\Visual Studio 2012\Projects\CPlusPlus_ReviewLab\CPlusPlus_ReviewLab\Debug\link.8424-cvtres.read.1.tlog
C:\Users\Christopher\Documents\Visual Studio 2012\Projects\CPlusPlus_ReviewLab\CPlusPlus_ReviewLab\Debug\link.8424-cvtres.write.1.tlog
C:\Users\Christopher\Documents\Visual Studio 2012\Projects\CPlusPlus_ReviewLab\CPlusPlus_ReviewLab\Debug\link.8424-rc.read.1.tlog
C:\Users\Christopher\Documents\Visual Studio 2012\Projects\CPlusPlus_ReviewLab\CPlusPlus_ReviewLab\Debug\link.8424-rc.write.1.tlog
C:\Users\Christopher\Documents\Visual Studio 2012\Projects\CPlusPlus_ReviewLab\CPlusPlus_ReviewLab\Debug\link.8424.read.1.tlog
C:\Users\Christopher\Documents\Visual Studio 2012\Projects\CPlusPlus_ReviewLab\CPlusPlus_ReviewLab\Debug\link.8424.write.1.tlog
C:\Users\Christopher\Documents\Visual Studio 2012\Projects\CPlusPlus_ReviewLab\CPlusPlus_ReviewLab\Debug\link.9388-cvtres.read.1.tlog
C:\Users\Christopher\Documents\Visual Studio 2012\Projects\CPlusPlus_ReviewLab\CPlusPlus_ReviewLab\Debug\link.9388-cvtres.write.1.tlog
C:\Users\Christopher\Documents\Visual Studio 2012\Projects\CPlusPlus_ReviewLab\CPlusPlus_ReviewLab\Debug\link.9388-rc.read.1.tlog
C:\Users\Christopher\Documents\Visual Studio 2012\Projects\CPlusPlus_ReviewLab\CPlusPlus_ReviewLab\Debug\link.9388-rc.write.1.tlog
C:\Users\Christopher\Documents\Visual Studio 2012\Projects\CPlusPlus_ReviewLab\CPlusPlus_ReviewLab\Debug\link.9388.read.1.tlog
C:\Users\Christopher\Documents\Visual Studio 2012\Projects\CPlusPlus_ReviewLab\CPlusPlus_ReviewLab\Debug\link.9388.write.1.tlog
C:\Users\Christopher\Documents\Visual Studio 2012\Projects\CPlusPlus_ReviewLab\CPlusPlus_ReviewLab\Debug\link.9904-cvtres.read.1.tlog
C:\Users\Christopher\Documents\Visual Studio 2012\Projects\CPlusPlus_ReviewLab\CPlusPlus_ReviewLab\Debug\link.9904-cvtres.write.1.tlog
C:\Users\Christopher\Documents\Visual Studio 2012\Projects\CPlusPlus_ReviewLab\CPlusPlus_ReviewLab\Debug\link.9904-rc.read.1.tlog
C:\Users\Christopher\Documents\Visual Studio 2012\Projects\CPlusPlus_ReviewLab\CPlusPlus_ReviewLab\Debug\link.9904-rc.write.1.tlog
C:\Users\Christopher\Documents\Visual Studio 2012\Projects\CPlusPlus_ReviewLab\CPlusPlus_ReviewLab\Debug\link.9904.read.1.tlog
C:\Users\Christopher\Documents\Visual Studio 2012\Projects\CPlusPlus_ReviewLab\CPlusPlus_ReviewLab\Debug\link.9904.write.1.tlog
C:\Users\Christopher\Documents\Visual Studio 2012\Projects\CPlusPlus_ReviewLab\CPlusPlus_ReviewLab\Debug\link.command.1.tlog
C:\Users\Christopher\Documents\Visual Studio 2012\Projects\CPlusPlus_ReviewLab\CPlusPlus_ReviewLab\Debug\link.read.1.tlog
C:\Users\Christopher\Documents\Visual Studio 2012\Projects\CPlusPlus_ReviewLab\CPlusPlus_ReviewLab\Debug\link.write.1.tlog
C:\Users\Christopher\Documents\Visual Studio 2012\Projects\CPlusPlus_ReviewLab\CPlusPlus_ReviewLab\Debug\vc110.idb
C:\Users\Christopher\Documents\Visual Studio 2012\Projects\CPlusPlus_ReviewLab\CPlusPlus_ReviewLab\Debug\vc110.pdb
C:\Users\Christopher\Documents\Visual Studio 2012\Projects\CPlusPlus_ReviewLab\Debug\CPlusPlus_ReviewLab.pdb
C:\Users\Christopher\Documents\Visual Studio 2012\Projects\CPlusPlus_ReviewLab\Debug\CPlusPlus_ReviewLab.exe
C:\Users\Christopher\Documents\Visual Studio 2012\Projects\CPlusPlus_ReviewLab\Debug\CPlusPlus_ReviewLab.ilk
